<?xml version="1.0" encoding="UTF-8"?>
<!-- Generated by org.testng.reporters.JUnitXMLReporter -->
<testsuite ignored="0" hostname="Escobar-PC" failures="0" tests="4" name="Default test" time="5.795" errors="0" timestamp="2021-05-18T23:01:46 PST">
  <testcase classname="APIAssign" name="delete" time="3.424"/>
  <testcase classname="APIAssign" name="get" time="0.46"/>
  <testcase classname="APIAssign" name="patch" time="0.948"/>
  <testcase classname="APIAssign" name="post" time="0.894"/>
</testsuite> <!-- Default test -->
