<?xml version="1.0" encoding="UTF-8"?>
<testng-results ignored="0" total="4" passed="4" failed="0" skipped="0">
  <reporter-output>
  </reporter-output>
  <suite started-at="2021-05-18T23:01:41 PST" name="Default suite" finished-at="2021-05-18T23:01:46 PST" duration-ms="5795">
    <groups>
    </groups>
    <test started-at="2021-05-18T23:01:41 PST" name="Default test" finished-at="2021-05-18T23:01:46 PST" duration-ms="5795">
      <class name="APIAssign">
        <test-method signature="delete()[pri:0, instance:APIAssign@41e1e210]" started-at="2021-05-18T23:01:41 PST" name="delete" finished-at="2021-05-18T23:01:44 PST" duration-ms="3424" status="PASS">
          <reporter-output>
          </reporter-output>
        </test-method> <!-- delete -->
        <test-method signature="get()[pri:0, instance:APIAssign@41e1e210]" started-at="2021-05-18T23:01:44 PST" name="get" finished-at="2021-05-18T23:01:45 PST" duration-ms="460" status="PASS">
          <reporter-output>
          </reporter-output>
        </test-method> <!-- get -->
        <test-method signature="patch()[pri:0, instance:APIAssign@41e1e210]" started-at="2021-05-18T23:01:45 PST" name="patch" finished-at="2021-05-18T23:01:46 PST" duration-ms="948" status="PASS">
          <reporter-output>
          </reporter-output>
        </test-method> <!-- patch -->
        <test-method signature="post()[pri:0, instance:APIAssign@41e1e210]" started-at="2021-05-18T23:01:46 PST" name="post" finished-at="2021-05-18T23:01:46 PST" duration-ms="894" status="PASS">
          <reporter-output>
          </reporter-output>
        </test-method> <!-- post -->
      </class> <!-- APIAssign -->
    </test> <!-- Default test -->
  </suite> <!-- Default suite -->
</testng-results>
